#
# There is insufficient memory for the Java Runtime Environment to continue.
# Native memory allocation (mmap) failed to map 123731968 bytes for G1 virtual space
# Possible reasons:
#   The system is out of physical RAM or swap space
#   The process is running with CompressedOops enabled, and the Java Heap may be blocking the growth of the native heap
# Possible solutions:
#   Reduce memory load on the system
#   Increase physical memory or swap space
#   Check if swap backing store is full
#   Decrease Java heap size (-Xmx/-Xms)
#   Decrease number of Java threads
#   Decrease Java thread stack sizes (-Xss)
#   Set larger code cache with -XX:ReservedCodeCacheSize=
#   JVM is running with Unscaled Compressed Oops mode in which the Java heap is
#     placed in the first 4GB address space. The Java Heap base address is the
#     maximum limit for the native heap growth. Please use -XX:HeapBaseMinAddress
#     to set the Java Heap base and to place the Java Heap above 4GB virtual address.
# This output file may be truncated or incomplete.
#
#  Out of Memory Error (os_windows.cpp:3600), pid=19724, tid=25912
#
# JRE version:  (21.0.1+12) (build )
# Java VM: Java HotSpot(TM) 64-Bit Server VM (21.0.1+12-LTS-29, mixed mode, sharing, tiered, compressed oops, compressed class ptrs, g1 gc, windows-amd64)
# No core dump will be written. Minidumps are not enabled by default on client versions of Windows
#

---------------  S U M M A R Y ------------

Command Line: -Dfile.encoding=UTF-8 travel.management.system.Signup

Host: AMD Ryzen 5 5500U with Radeon Graphics         , 12 cores, 7G,  Windows 11 , 64 bit Build 22621 (10.0.22621.2506)
Time: Thu Nov 30 12:36:50 2023 India Standard Time elapsed time: 0.026815 seconds (0d 0h 0m 0s)

---------------  T H R E A D  ---------------

Current thread (0x000001a92af06fb0):  JavaThread "Unknown thread" [_thread_in_vm, id=25912, stack(0x00000042a6b00000,0x00000042a6c00000) (1024K)]

Stack: [0x00000042a6b00000,0x00000042a6c00000]
Native frames: (J=compiled Java code, j=interpreted, Vv=VM code, C=native code)
V  [jvm.dll+0x6c9029]
V  [jvm.dll+0x854b81]
V  [jvm.dll+0x856e5e]
V  [jvm.dll+0x857543]
V  [jvm.dll+0x280c06]
V  [jvm.dll+0x6c5715]
V  [jvm.dll+0x6ba10a]
V  [jvm.dll+0x3557ea]
V  [jvm.dll+0x35d436]
V  [jvm.dll+0x3ae1be]
V  [jvm.dll+0x3ae468]
V  [jvm.dll+0x3291fc]
V  [jvm.dll+0x329d8b]
V  [jvm.dll+0x81d179]
V  [jvm.dll+0x3bb4f1]
V  [jvm.dll+0x805ae8]
V  [jvm.dll+0x44effe]
V  [jvm.dll+0x450901]
C  [jli.dll+0x52a3]
C  [ucrtbase.dll+0x29363]
C  [KERNEL32.DLL+0x1257d]
C  [ntdll.dll+0x5aa58]


---------------  P R O C E S S  ---------------

Threads class SMR info:
_java_thread_list=0x00007ffc28539b88, length=0, elements={
}

Java Threads: ( => current thread )
Total: 0

Other Threads:
  0x000001a92d220ed0 WorkerThread "GC Thread#0"                     [id=12156, stack(0x00000042a6c00000,0x00000042a6d00000) (1024K)]
  0x000001a92d230930 ConcurrentGCThread "G1 Main Marker"            [id=37876, stack(0x00000042a6d00000,0x00000042a6e00000) (1024K)]
  0x000001a92d231df0 WorkerThread "G1 Conc#0"                       [id=34500, stack(0x00000042a6e00000,0x00000042a6f00000) (1024K)]

[error occurred during error reporting (printing all threads), id 0xc0000005, EXCEPTION_ACCESS_VIOLATION (0xc0000005) at pc=0x00007ffc27cac2c7]
VM state: not at safepoint (not fully initialized)

VM Mutex/Monitor currently owned by a thread:  ([mutex/lock_event])
[0x00007ffc285aa6f8] Heap_lock - owner thread: 0x000001a92af06fb0

Heap address: 0x000000008ac00000, size: 1876 MB, Compressed Oops mode: 32-bit

CDS archive(s) mapped at: [0x0000000000000000-0x0000000000000000-0x0000000000000000), size 0, SharedBaseAddress: 0x0000000800000000, ArchiveRelocationMode: 1.
Narrow klass base: 0x0000000000000000, Narrow klass shift: 0, Narrow klass range: 0x0

GC Precious Log:
 CardTable entry size: 512
 Card Set container configuration: InlinePtr #cards 5 size 8 Array Of Cards #cards 12 size 40 Howl #buckets 4 coarsen threshold 1843 Howl Bitmap #cards 512 size 80 coarsen threshold 460 Card regions per heap region 1 cards per card region 2048

Heap:
 garbage-first heap   total 0K, used 0K [0x000000008ac00000, 0x0000000100000000)
  region size 1024K, 0 young (0K), 0 survivors (0K)

[error occurred during error reporting (printing heap information), id 0xc0000005, EXCEPTION_ACCESS_VIOLATION (0xc0000005) at pc=0x00007ffc28091be9]
GC Heap History (0 events):
No events

Dll operation events (1 events):
Event: 0.018 Loaded shared library C:\Program Files\Java\jdk-21\bin\java.dll

Deoptimization events (0 events):
No events

Classes loaded (0 events):
No events

Classes unloaded (0 events):
No events

Classes redefined (0 events):
No events

Internal exceptions (0 events):
No events

ZGC Phase Switch (0 events):
No events

VM Operations (0 events):
No events

Events (0 events):
No events


Dynamic libraries:
0x00007ff7de140000 - 0x00007ff7de150000 	C:\Program Files\Java\jdk-21\bin\java.exe
0x00007ffcab930000 - 0x00007ffcabb47000 	C:\WINDOWS\SYSTEM32\ntdll.dll
0x00007ffcaa350000 - 0x00007ffcaa414000 	C:\WINDOWS\System32\KERNEL32.DLL
0x00007ffca8ca0000 - 0x00007ffca9045000 	C:\WINDOWS\System32\KERNELBASE.dll
0x00007ffca9230000 - 0x00007ffca9341000 	C:\WINDOWS\System32\ucrtbase.dll
0x00007ffc8d220000 - 0x00007ffc8d23b000 	C:\Program Files\Java\jdk-21\bin\VCRUNTIME140.dll
0x00007ffc693a0000 - 0x00007ffc693b9000 	C:\Program Files\Java\jdk-21\bin\jli.dll
0x00007ffca9eb0000 - 0x00007ffca9f61000 	C:\WINDOWS\System32\ADVAPI32.dll
0x00007ffca9770000 - 0x00007ffca9817000 	C:\WINDOWS\System32\msvcrt.dll
0x00007ffca9cf0000 - 0x00007ffca9d96000 	C:\WINDOWS\System32\sechost.dll
0x00007ffcaaca0000 - 0x00007ffcaadb7000 	C:\WINDOWS\System32\RPCRT4.dll
0x00007ffcaadc0000 - 0x00007ffcaaf6e000 	C:\WINDOWS\System32\USER32.dll
0x00007ffca93f0000 - 0x00007ffca9416000 	C:\WINDOWS\System32\win32u.dll
0x00007ffcaa230000 - 0x00007ffcaa259000 	C:\WINDOWS\System32\GDI32.dll
0x00007ffca9050000 - 0x00007ffca9169000 	C:\WINDOWS\System32\gdi32full.dll
0x00007ffc91690000 - 0x00007ffc91923000 	C:\WINDOWS\WinSxS\amd64_microsoft.windows.common-controls_6595b64144ccf1df_6.0.22621.2506_none_270c5ae97388e100\COMCTL32.dll
0x00007ffca9350000 - 0x00007ffca93ea000 	C:\WINDOWS\System32\msvcp_win.dll
0x00007ffca1a60000 - 0x00007ffca1a6a000 	C:\WINDOWS\SYSTEM32\VERSION.dll
0x00007ffca9680000 - 0x00007ffca96b1000 	C:\WINDOWS\System32\IMM32.DLL
0x00007ffc8d210000 - 0x00007ffc8d21c000 	C:\Program Files\Java\jdk-21\bin\vcruntime140_1.dll
0x00007ffc51fe0000 - 0x00007ffc5206e000 	C:\Program Files\Java\jdk-21\bin\msvcp140.dll
0x00007ffc27970000 - 0x00007ffc28685000 	C:\Program Files\Java\jdk-21\bin\server\jvm.dll
0x00007ffcaa260000 - 0x00007ffcaa2d1000 	C:\WINDOWS\System32\WS2_32.dll
0x00007ffca8530000 - 0x00007ffca857d000 	C:\WINDOWS\SYSTEM32\POWRPROF.dll
0x00007ffca1270000 - 0x00007ffca12a4000 	C:\WINDOWS\SYSTEM32\WINMM.dll
0x00007ffca8510000 - 0x00007ffca8523000 	C:\WINDOWS\SYSTEM32\UMPDC.dll
0x00007ffca7c80000 - 0x00007ffca7c98000 	C:\WINDOWS\SYSTEM32\kernel.appcore.dll
0x00007ffc8aa60000 - 0x00007ffc8aa6a000 	C:\Program Files\Java\jdk-21\bin\jimage.dll
0x00007ffc98560000 - 0x00007ffc98793000 	C:\WINDOWS\SYSTEM32\DBGHELP.DLL
0x00007ffca9820000 - 0x00007ffca9ba9000 	C:\WINDOWS\System32\combase.dll
0x00007ffcab650000 - 0x00007ffcab727000 	C:\WINDOWS\System32\OLEAUT32.dll
0x00007ffc98240000 - 0x00007ffc98272000 	C:\WINDOWS\SYSTEM32\dbgcore.DLL
0x00007ffca9590000 - 0x00007ffca960a000 	C:\WINDOWS\System32\bcryptPrimitives.dll
0x00007ffc6f140000 - 0x00007ffc6f15f000 	C:\Program Files\Java\jdk-21\bin\java.dll

dbghelp: loaded successfully - version: 4.0.5 - missing functions: none
symbol engine: initialized successfully - sym options: 0x614 - pdb path: .;C:\Program Files\Java\jdk-21\bin;C:\WINDOWS\SYSTEM32;C:\WINDOWS\WinSxS\amd64_microsoft.windows.common-controls_6595b64144ccf1df_6.0.22621.2506_none_270c5ae97388e100;C:\Program Files\Java\jdk-21\bin\server

VM Arguments:
jvm_args: -Dfile.encoding=UTF-8 
java_command: travel.management.system.Signup
java_class_path (initial): C:\Users\dhrum\Downloads\Travel-and-Toursim-Management-System-master\Travel-and-Toursim-Management-System-master\Travel Management System\build\classes
Launcher Type: SUN_STANDARD

[Global flags]
     intx CICompilerCount                          = 4                                         {product} {ergonomic}
     uint ConcGCThreads                            = 3                                         {product} {ergonomic}
     uint G1ConcRefinementThreads                  = 10                                        {product} {ergonomic}
   size_t G1HeapRegionSize                         = 1048576                                   {product} {ergonomic}
    uintx GCDrainStackTargetSize                   = 64                                        {product} {ergonomic}
   size_t InitialHeapSize                          = 123731968                                 {product} {ergonomic}
   size_t MarkStackSize                            = 4194304                                   {product} {ergonomic}
   size_t MaxHeapSize                              = 1967128576                                {product} {ergonomic}
   size_t MinHeapDeltaBytes                        = 1048576                                   {product} {ergonomic}
   size_t MinHeapSize                              = 8388608                                   {product} {ergonomic}
    uintx NonNMethodCodeHeapSize                   = 5839372                                {pd product} {ergonomic}
    uintx NonProfiledCodeHeapSize                  = 122909434                              {pd product} {ergonomic}
    uintx ProfiledCodeHeapSize                     = 122909434                              {pd product} {ergonomic}
    uintx ReservedCodeCacheSize                    = 251658240                              {pd product} {ergonomic}
     bool SegmentedCodeCache                       = true                                      {product} {ergonomic}
   size_t SoftMaxHeapSize                          = 1967128576                             {manageable} {ergonomic}
     bool UseCompressedOops                        = true                           {product lp64_product} {ergonomic}
     bool UseG1GC                                  = true                                      {product} {ergonomic}
     bool UseLargePagesIndividualAllocation        = false                                  {pd product} {ergonomic}

Logging:
Log output configuration:
 #0: stdout all=warning uptime,level,tags foldmultilines=false
 #1: stderr all=off uptime,level,tags foldmultilines=false

Environment Variables:
JAVA_HOME=C:\Program Files\Java\jdk-21
PATH=C:\Program Files\Python311\Scripts\;C:\Program Files\Python311\;C:\Program Files\Common Files\Oracle\Java\javapath;C:\WINDOWS\system32;C:\WINDOWS;C:\WINDOWS\System32\Wbem;C:\WINDOWS\System32\WindowsPowerShell\v1.0\;C:\WINDOWS\System32\OpenSSH\;C:\Program Files\Java;C:\Program Files\Java\jdk-18.0.1.1\bin;C:\apache-tomcat-10.zip\apache-tomcat-10.0.23\bin;C:\xampp\php;C:\Program Files\Java\jdk-19\bin;C:\Program Files\Common Files\Oracle\Java\javapath;C:\Program Files\MySQL\MySQL Server 8.0\bin;C:\Program Files\Python311;C:\Program Files\Python311\Scripts;C:\Users\dhrum\Downloads\sqlite-tools-win32-x86-3410200\sqlite;C:\Program Files\nodejs\;C:\Program Files\nodejs;C:\MinGW\bin;C:\Program Files\MySQL\MySQL Server 8.0\bin;C:\Program Files\Java\jdk-21\bin;C:\Program Files\MySQL\MySQL Shell 8.0\bin\;C:\Users\dhrum\AppData\Local\Microsoft\WindowsApps;C:\MinGW\bin;C:\Program Files\apache-maven-3.8.7\bin;C:\Program Files\MySQL\MySQL Server 8.0\bin;;C:\Users\dhrum\AppData\Local\Programs\Microsoft VS Code\bin;C:\Users\dhrum\AppData\Roaming\npm;C:\Program Files\JetBrains\IntelliJ IDEA Community Edition 2023.2.5\bin;
USERNAME=dhrum
OS=Windows_NT
PROCESSOR_IDENTIFIER=AMD64 Family 23 Model 104 Stepping 1, AuthenticAMD
TMP=C:\Users\dhrum\AppData\Local\Temp
TEMP=C:\Users\dhrum\AppData\Local\Temp




Periodic native trim disabled

---------------  S Y S T E M  ---------------

OS:
 Windows 11 , 64 bit Build 22621 (10.0.22621.2506)
OS uptime: 5 days 22:01 hours
Hyper-V role detected

CPU: total 12 (initial active 12) (12 cores per cpu, 2 threads per core) family 23 model 104 stepping 1 microcode 0x0, cx8, cmov, fxsr, ht, mmx, 3dnowpref, sse, sse2, sse3, ssse3, sse4a, sse4.1, sse4.2, popcnt, lzcnt, tsc, tscinvbit, avx, avx2, aes, clmul, bmi1, bmi2, adx, sha, fma, vzeroupper, clflush, clflushopt, hv, rdtscp, rdpid, f16c
Processor Information for processor 0
  Max Mhz: 2100, Current Mhz: 2100, Mhz Limit: 2100
Processor Information for processor 1
  Max Mhz: 2100, Current Mhz: 1813, Mhz Limit: 2100
Processor Information for processor 2
  Max Mhz: 2100, Current Mhz: 1813, Mhz Limit: 2100
Processor Information for processor 3
  Max Mhz: 2100, Current Mhz: 1813, Mhz Limit: 2100
Processor Information for processor 4
  Max Mhz: 2100, Current Mhz: 1813, Mhz Limit: 2100
Processor Information for processor 5
  Max Mhz: 2100, Current Mhz: 2100, Mhz Limit: 2100
Processor Information for processor 6
  Max Mhz: 2100, Current Mhz: 1813, Mhz Limit: 2100
Processor Information for processor 7
  Max Mhz: 2100, Current Mhz: 1813, Mhz Limit: 2100
Processor Information for processor 8
  Max Mhz: 2100, Current Mhz: 1813, Mhz Limit: 2100
Processor Information for processor 9
  Max Mhz: 2100, Current Mhz: 1813, Mhz Limit: 2100
Processor Information for processor 10
  Max Mhz: 2100, Current Mhz: 1813, Mhz Limit: 2100
Processor Information for processor 11
  Max Mhz: 2100, Current Mhz: 1813, Mhz Limit: 2100

Memory: 4k page, system-wide physical 7502M (992M free)
TotalPageFile size 30030M (AvailPageFile size 74M)
current process WorkingSet (physical memory assigned to process): 11M, peak: 11M
current process commit charge ("private bytes"): 64M, peak: 182M

vm_info: Java HotSpot(TM) 64-Bit Server VM (21.0.1+12-LTS-29) for windows-amd64 JRE (21.0.1+12-LTS-29), built on 2023-10-05T13:27:09Z by "mach5one" with MS VC++ 17.1 (VS2022)

END.
